2026-03-25 20:00:29  INFO     ============================================================
2026-03-25 20:00:29  INFO     AutoCars Scraper  |  2026-03-25 20:00:29
2026-03-25 20:00:29  INFO     Target: http://localhost:8080
2026-03-25 20:00:29  INFO     ============================================================
2026-03-25 20:00:29  INFO     [proxy_utils] ProxyManager initialised with 5 proxies.
2026-03-25 20:00:29  INFO     Proxy pool: 5 healthy proxies available.
2026-03-25 20:00:29  WARNING  Store file unreadable — starting fresh.
2026-03-25 20:00:29  INFO     Target is local; bypassing proxy routing.
2026-03-25 20:00:29  INFO     Navigating to http://localhost:8080  [UA: ...) Version/17.4 Safari/605.1.15]
2026-03-25 20:00:34  INFO     Found 3 pages to scrape.
2026-03-25 20:00:34  INFO     ── Page 1 / 3 ──
2026-03-25 20:00:35  INFO       Extracted 12 cards — 12 new, 0 duplicates skipped.
2026-03-25 20:00:36  INFO     ── Page 2 / 3 ──
2026-03-25 20:00:38  INFO       Extracted 12 cards — 12 new, 0 duplicates skipped.
2026-03-25 20:00:39  INFO     ── Page 3 / 3 ──
2026-03-25 20:00:41  INFO       Extracted 12 cards — 12 new, 0 duplicates skipped.
2026-03-25 20:00:42  INFO     Scrape complete — 36 new listings collected, 0 duplicates skipped.
2026-03-25 20:00:42  INFO     Run file saved: output/run_20260325_200042.json
2026-03-25 20:00:42  INFO     Store updated — 36 total records (36 new).
2026-03-25 20:01:45  INFO     ============================================================
2026-03-25 20:01:45  INFO     AutoCars Scraper  |  2026-03-25 20:01:45
2026-03-25 20:01:45  INFO     Target: http://localhost:8080
2026-03-25 20:01:45  INFO     ============================================================
2026-03-25 20:01:45  INFO     [proxy_utils] ProxyManager initialised with 5 proxies.
2026-03-25 20:01:45  INFO     Proxy pool: 5 healthy proxies available.
2026-03-25 20:01:45  INFO     Loaded 36 existing IDs from store.
2026-03-25 20:01:46  INFO     Target is local; bypassing proxy routing.
2026-03-25 20:01:46  INFO     Navigating to http://localhost:8080  [UA: ...Chrome/123.0.0.0 Safari/537.36]
2026-03-25 20:01:48  INFO     Found 10 pages to scrape.
2026-03-25 20:01:48  INFO     ── Page 1 / 10 ──
2026-03-25 20:01:49  INFO       Extracted 12 cards — 0 new, 12 duplicates skipped.
2026-03-25 20:01:50  INFO     ── Page 2 / 10 ──
2026-03-25 20:01:52  INFO       Extracted 12 cards — 0 new, 12 duplicates skipped.
2026-03-25 20:01:53  INFO     ── Page 3 / 10 ──
2026-03-25 20:01:55  INFO       Extracted 12 cards — 0 new, 12 duplicates skipped.
2026-03-25 20:01:56  INFO     ── Page 4 / 10 ──
2026-03-25 20:01:58  INFO       Extracted 12 cards — 12 new, 0 duplicates skipped.
2026-03-25 20:01:59  INFO     ── Page 5 / 10 ──
2026-03-25 20:02:01  INFO       Extracted 12 cards — 12 new, 0 duplicates skipped.
2026-03-25 20:02:01  INFO     ── Page 6 / 10 ──
2026-03-25 20:02:03  INFO       Extracted 12 cards — 12 new, 0 duplicates skipped.
2026-03-25 20:02:04  INFO     ── Page 7 / 10 ──
2026-03-25 20:02:06  INFO       Extracted 12 cards — 12 new, 0 duplicates skipped.
2026-03-25 20:02:07  INFO     ── Page 8 / 10 ──
2026-03-25 20:02:09  INFO       Extracted 12 cards — 12 new, 0 duplicates skipped.
2026-03-25 20:02:10  INFO     ── Page 9 / 10 ──
2026-03-25 20:02:11  INFO       Extracted 12 cards — 12 new, 0 duplicates skipped.
2026-03-25 20:02:12  INFO     ── Page 10 / 10 ──
2026-03-25 20:02:14  INFO       Extracted 12 cards — 12 new, 0 duplicates skipped.
2026-03-25 20:02:16  INFO     Scrape complete — 84 new listings collected, 36 duplicates skipped.
2026-03-25 20:02:16  INFO     Run file saved: output/run_20260325_200216.json
2026-03-25 20:02:16  INFO     Store updated — 120 total records (84 new).
